<?xml version="1.0" encoding="UTF-8"?>
<!-- Generated by org.testng.reporters.JUnitReportReporter -->
<testsuite skipped="0" hostname="DESKTOP-1KNDH1V" name="NewTours.ReservationTest" tests="2" failures="0" timestamp="25 May 2020 12:50:03 GMT" time="203.668" errors="0">
  <testcase name="flightBooking" time="107.892" classname="NewTours.ReservationTest"/>
  <testcase name="resrvationVerification" time="95.776" classname="NewTours.ReservationTest"/>
</testsuite> <!-- NewTours.ReservationTest -->
