<?xml version="1.0" encoding="UTF-8"?>
<!-- Generated by org.testng.reporters.JUnitReportReporter -->
<testsuite skipped="0" hostname="DESKTOP-1KNDH1V" name="NewTours.LoginTest" tests="2" failures="0" timestamp="25 May 2020 12:50:03 GMT" time="148.290" errors="0">
  <testcase name="invalidLoginVerification" time="61.918" classname="NewTours.LoginTest"/>
  <testcase name="loginVerfication" time="86.372" classname="NewTours.LoginTest"/>
</testsuite> <!-- NewTours.LoginTest -->
