<?xml version="1.0" encoding="UTF-8"?>
<!-- Generated by org.testng.reporters.JUnitReportReporter -->
<testsuite skipped="0" hostname="DESKTOP-1KNDH1V" name="NewTours.RegistrationTest" tests="1" failures="0" timestamp="25 May 2020 12:50:03 GMT" time="80.418" errors="0">
  <testcase name="VerifyConfirmationPage" time="80.418" classname="NewTours.RegistrationTest"/>
</testsuite> <!-- NewTours.RegistrationTest -->
