<?xml version="1.0" encoding="UTF-8"?>
<!-- Generated by org.testng.reporters.JUnitReportReporter -->
<testsuite skipped="0" hostname="DESKTOP-1KNDH1V" name="NewTours.FormTest" tests="3" failures="0" timestamp="25 May 2020 12:50:03 GMT" time="43.512" errors="0">
  <testcase name="productVerification" time="9.714" classname="NewTours.FormTest"/>
  <testcase name="productSumVerification" time="24.534" classname="NewTours.FormTest"/>
  <testcase name="formVerification" time="9.264" classname="NewTours.FormTest"/>
</testsuite> <!-- NewTours.FormTest -->
